#
# A fatal error has been detected by the Java Runtime Environment:
#
#  EXCEPTION_ACCESS_VIOLATION (0xc0000005) at pc=0x00000000691272f5, pid=15828, tid=4600
#
# JRE version: Java(TM) SE Runtime Environment (8.0_05-b13) (build 1.8.0_05-b13)
# Java VM: Java HotSpot(TM) 64-Bit Server VM (25.5-b02 mixed mode windows-amd64 compressed oops)
# Problematic frame:
# V  [jvm.dll+0x1172f5]
#
# Failed to write core dump. Minidumps are not enabled by default on client versions of Windows
#
# If you would like to submit a bug report, please visit:
#   http://bugreport.sun.com/bugreport/crash.jsp
#

---------------  T H R E A D  ---------------

Current thread (0x000000001c32c000):  JavaThread "JDWP Transport Listener: dt_socket" daemon [_thread_in_vm, id=4600, stack(0x000000001ec80000,0x000000001ed80000)]

siginfo: ExceptionCode=0xc0000005, reading address 0xffffffffffffffff

Registers:
RAX=0x000000001ed7f601, RBX=0x000000001c32c000, RCX=0x746e6f436c6f7274, RDX=0x0000000000000000
RSP=0x000000001ed7f650, RBP=0x746e6f436c6f7274, RSI=0x000000001ed7f768, RDI=0x0000000000e59200
R8 =0x000000001c32c000, R9 =0x0000000000008000, R10=0x000000001e6ccf10, R11=0x000000001ed7f94f
R12=0x0000000000000000, R13=0x000000001e376b58, R14=0x0000000000000000, R15=0x0000000000000000
RIP=0x00000000691272f5, EFLAGS=0x0000000000010206

Top of Stack: (sp=0x000000001ed7f650)
0x000000001ed7f650:   000000001c32c000 000000001c32c000
0x000000001ed7f660:   000000001ed7f718 000000006931a04b
0x000000001ed7f670:   000000001c32c000 00000000693368ad
0x000000001ed7f680:   0000000000000000 0000000068fa9149
0x000000001ed7f690:   000000001e516ce0 0000000068fb2912
0x000000001ed7f6a0:   000000001c32c000 0000000000000000
0x000000001ed7f6b0:   0000000000000000 0000000000000000
0x000000001ed7f6c0:   746e6f436c6f7274 0000000068fb1a09
0x000000001ed7f6d0:   000000001ed7f768 000000001ed7f740
0x000000001ed7f6e0:   0000000000000001 000000001e516ce0
0x000000001ed7f6f0:   746e6f436c6f7274 0000000068f953b3
0x000000001ed7f700:   000000001ed7f830 0000000000000001
0x000000001ed7f710:   0000000000000001 000000001e516ce0
0x000000001ed7f720:   0000000000000009 0000000000000000
0x000000001ed7f730:   0000000000000000 0000000000000000
0x000000001ed7f740:   0000000000000001 0000000068f95571 

Instructions: (pc=0x00000000691272f5)
0x00000000691272d5:   cc cc cc cc cc cc cc cc cc cc cc 48 83 ec 28 48
0x00000000691272e5:   85 c9 75 07 33 c0 48 83 c4 28 c3 48 89 5c 24 20
0x00000000691272f5:   48 8b 19 48 85 db 74 20 48 83 fb 37 74 1a 48 8b
0x0000000069127305:   13 48 8b cb ff 52 08 84 c0 74 0d 48 8b c3 48 8b 


Register to memory mapping:

RAX=0x000000001ed7f601 is pointing into the stack for thread: 0x000000001c32c000
RBX=0x000000001c32c000 is a thread
RCX=0x746e6f436c6f7274 is an unknown value
RDX=0x0000000000000000 is an unknown value
RSP=0x000000001ed7f650 is pointing into the stack for thread: 0x000000001c32c000
RBP=0x746e6f436c6f7274 is an unknown value
RSI=0x000000001ed7f768 is pointing into the stack for thread: 0x000000001c32c000
RDI=0x0000000000e59200 is an unknown value
R8 =0x000000001c32c000 is a thread
R9 =0x0000000000008000 is an unknown value
R10=0x000000001e6ccf10 is an unknown value
R11=0x000000001ed7f94f is pointing into the stack for thread: 0x000000001c32c000
R12=0x0000000000000000 is an unknown value
R13=0x000000001e376b58 is an unknown value
R14=0x0000000000000000 is an unknown value
R15=0x0000000000000000 is an unknown value


Stack: [0x000000001ec80000,0x000000001ed80000],  sp=0x000000001ed7f650,  free space=1021k
Native frames: (J=compiled Java code, j=interpreted, Vv=VM code, C=native code)
V  [jvm.dll+0x1172f5]
V  [jvm.dll+0x3268ad]
C  [jdwp.dll+0x21a09]
C  [jdwp.dll+0x53b3]
C  [jdwp.dll+0x5571]
C  [jdwp.dll+0xf09c]
C  [jdwp.dll+0x1f2c9]
C  [jdwp.dll+0x1f49e]
V  [jvm.dll+0x1a7128]
V  [jvm.dll+0x2232c4]
V  [jvm.dll+0x27baca]
C  [msvcr100.dll+0x21d9f]
C  [msvcr100.dll+0x21e3b]
C  [KERNEL32.DLL+0x12784]
C  [ntdll.dll+0x70d51]


---------------  P R O C E S S  ---------------

Java Threads: ( => current thread )
  0x000000001e41b000 JavaThread "Service Thread" daemon [_thread_blocked, id=3960, stack(0x000000001f380000,0x000000001f480000)]
  0x000000001e3a0000 JavaThread "C1 CompilerThread3" daemon [_thread_blocked, id=13496, stack(0x000000001f280000,0x000000001f380000)]
  0x000000001e39c000 JavaThread "C2 CompilerThread2" daemon [_thread_blocked, id=16600, stack(0x000000001f180000,0x000000001f280000)]
  0x000000001e399800 JavaThread "C2 CompilerThread1" daemon [_thread_blocked, id=14496, stack(0x000000001f080000,0x000000001f180000)]
  0x000000001e38f800 JavaThread "C2 CompilerThread0" daemon [_thread_blocked, id=11248, stack(0x000000001ef80000,0x000000001f080000)]
  0x000000001e381000 JavaThread "JDWP Command Reader" daemon [_thread_in_native, id=17996, stack(0x000000001ee80000,0x000000001ef80000)]
  0x000000001c32d000 JavaThread "JDWP Event Helper Thread" daemon [_thread_blocked, id=17496, stack(0x000000001ed80000,0x000000001ee80000)]
=>0x000000001c32c000 JavaThread "JDWP Transport Listener: dt_socket" daemon [_thread_in_vm, id=4600, stack(0x000000001ec80000,0x000000001ed80000)]
  0x000000001e370000 JavaThread "Attach Listener" daemon [_thread_blocked, id=14476, stack(0x000000001e840000,0x000000001e940000)]
  0x000000001e36f000 JavaThread "Signal Dispatcher" daemon [_thread_blocked, id=3996, stack(0x000000001e740000,0x000000001e840000)]
  0x000000000287a800 JavaThread "Finalizer" daemon [_thread_blocked, id=2288, stack(0x000000001e240000,0x000000001e340000)]
  0x0000000002871800 JavaThread "Reference Handler" daemon [_thread_blocked, id=14436, stack(0x000000001e140000,0x000000001e240000)]
  0x0000000002783800 JavaThread "main" [_thread_blocked, id=16196, stack(0x0000000002680000,0x0000000002780000)]

Other Threads:
  0x000000001c319000 VMThread [stack: 0x000000001e040000,0x000000001e140000] [id=13596]
  0x000000001e420000 WatcherThread [stack: 0x000000001f480000,0x000000001f580000] [id=9776]

VM state:not at safepoint (normal execution)

VM Mutex/Monitor currently owned by a thread: None

Heap:
 PSYoungGen      total 12800K, used 7485K [0x000000076b200000, 0x000000076c700000, 0x00000007c0000000)
  eden space 10240K, 53% used [0x000000076b200000,0x000000076b756260,0x000000076bc00000)
  from space 2560K, 78% used [0x000000076bc00000,0x000000076bdf9328,0x000000076be80000)
  to   space 2560K, 0% used [0x000000076c480000,0x000000076c480000,0x000000076c700000)
 ParOldGen       total 260608K, used 3422K [0x00000006c1600000, 0x00000006d1480000, 0x000000076b200000)
  object space 260608K, 1% used [0x00000006c1600000,0x00000006c1957bf0,0x00000006d1480000)
 Metaspace       used 13782K, capacity 13906K, committed 13952K, reserved 1060864K
  class space    used 1604K, capacity 1662K, committed 1664K, reserved 1048576K

Card table byte_map: [0x0000000011c40000,0x0000000012440000] byte_map_base: 0x000000000e635000

Marking Bits: (ParMarkBitMap*) 0x00000000697c13b0
 Begin Bits: [0x0000000013190000, 0x0000000017138000)
 End Bits:   [0x0000000017138000, 0x000000001b0e0000)

Polling page: 0x0000000000df0000

CodeCache: size=245760Kb used=3436Kb max_used=3446Kb free=242323Kb
 bounds [0x0000000002880000, 0x0000000002bf0000, 0x0000000011880000]
 total_blobs=1208 nmethods=881 adapters=249
 compilation: enabled

Compilation events (10 events):
Event: 10.801 Thread 0x000000001e3a0000  877       3       org.apache.velocity.runtime.parser.Parser::getToken (62 bytes)
Event: 10.801 Thread 0x000000001e3a0000 nmethod 877 0x0000000002bdacd0 code [0x0000000002bdae60, 0x0000000002bdb1a8]
Event: 10.801 Thread 0x000000001e38f800  878       4       org.apache.velocity.runtime.parser.ParserTokenManager::jjCheckNAdd (41 bytes)
Event: 10.801 Thread 0x000000001e3a0000  879       3       org.apache.velocity.runtime.parser.ParserTokenManager::jjCheckNAddTwoStates (11 bytes)
Event: 10.801 Thread 0x000000001e3a0000 nmethod 879 0x0000000002bda8d0 code [0x0000000002bdaa40, 0x0000000002bdac18]
Event: 10.801 Thread 0x000000001e3a0000  880       3       org.apache.velocity.runtime.parser.Parser::jj_scan_token (173 bytes)
Event: 10.802 Thread 0x000000001e3a0000 nmethod 880 0x0000000002bd9ed0 code [0x0000000002bda080, 0x0000000002bda698]
Event: 10.802 Thread 0x000000001e38f800 nmethod 878 0x0000000002bd9b10 code [0x0000000002bd9c60, 0x0000000002bd9db8]
Event: 10.806 Thread 0x000000001e3a0000  881       1       java.nio.Buffer::limit (5 bytes)
Event: 10.807 Thread 0x000000001e3a0000 nmethod 881 0x0000000002bd9810 code [0x0000000002bd9960, 0x0000000002bd9a70]

GC Heap History (10 events):
Event: 0.608 GC heap before
{Heap before GC invocations=9 (full 0):
 PSYoungGen      total 5120K, used 5005K [0x000000076b200000, 0x000000076b800000, 0x00000007c0000000)
  eden space 4096K, 100% used [0x000000076b200000,0x000000076b600000,0x000000076b600000)
  from space 1024K, 88% used [0x000000076b700000,0x000000076b7e3620,0x000000076b800000)
  to   space 1024K, 0% used [0x000000076b600000,0x000000076b600000,0x000000076b700000)
 ParOldGen       total 260608K, used 1085K [0x00000006c1600000, 0x00000006d1480000, 0x000000076b200000)
  object space 260608K, 0% used [0x00000006c1600000,0x00000006c170f748,0x00000006d1480000)
 Metaspace       used 6967K, capacity 7072K, committed 7296K, reserved 1056768K
  class space    used 813K, capacity 859K, committed 896K, reserved 1048576K
Event: 0.609 GC heap after
Heap after GC invocations=9 (full 0):
 PSYoungGen      total 5120K, used 1024K [0x000000076b200000, 0x000000076bb80000, 0x00000007c0000000)
  eden space 4096K, 0% used [0x000000076b200000,0x000000076b200000,0x000000076b600000)
  from space 1024K, 100% used [0x000000076b600000,0x000000076b700000,0x000000076b700000)
  to   space 1536K, 0% used [0x000000076ba00000,0x000000076ba00000,0x000000076bb80000)
 ParOldGen       total 260608K, used 1395K [0x00000006c1600000, 0x00000006d1480000, 0x000000076b200000)
  object space 260608K, 0% used [0x00000006c1600000,0x00000006c175ccc8,0x00000006d1480000)
 Metaspace       used 6967K, capacity 7072K, committed 7296K, reserved 1056768K
  class space    used 813K, capacity 859K, committed 896K, reserved 1048576K
}
Event: 0.725 GC heap before
{Heap before GC invocations=10 (full 0):
 PSYoungGen      total 5120K, used 5120K [0x000000076b200000, 0x000000076bb80000, 0x00000007c0000000)
  eden space 4096K, 100% used [0x000000076b200000,0x000000076b600000,0x000000076b600000)
  from space 1024K, 100% used [0x000000076b600000,0x000000076b700000,0x000000076b700000)
  to   space 1536K, 0% used [0x000000076ba00000,0x000000076ba00000,0x000000076bb80000)
 ParOldGen       total 260608K, used 1395K [0x00000006c1600000, 0x00000006d1480000, 0x000000076b200000)
  object space 260608K, 0% used [0x00000006c1600000,0x00000006c175ccc8,0x00000006d1480000)
 Metaspace       used 7824K, capacity 7980K, committed 8192K, reserved 1056768K
  class space    used 942K, capacity 989K, committed 1024K, reserved 1048576K
Event: 0.726 GC heap after
Heap after GC invocations=10 (full 0):
 PSYoungGen      total 8192K, used 1530K [0x000000076b200000, 0x000000076bb80000, 0x00000007c0000000)
  eden space 6656K, 0% used [0x000000076b200000,0x000000076b200000,0x000000076b880000)
  from space 1536K, 99% used [0x000000076ba00000,0x000000076bb7e9c8,0x000000076bb80000)
  to   space 1536K, 0% used [0x000000076b880000,0x000000076b880000,0x000000076ba00000)
 ParOldGen       total 260608K, used 1823K [0x00000006c1600000, 0x00000006d1480000, 0x000000076b200000)
  object space 260608K, 0% used [0x00000006c1600000,0x00000006c17c7cd8,0x00000006d1480000)
 Metaspace       used 7824K, capacity 7980K, committed 8192K, reserved 1056768K
  class space    used 942K, capacity 989K, committed 1024K, reserved 1048576K
}
Event: 0.818 GC heap before
{Heap before GC invocations=11 (full 0):
 PSYoungGen      total 8192K, used 8186K [0x000000076b200000, 0x000000076bb80000, 0x00000007c0000000)
  eden space 6656K, 100% used [0x000000076b200000,0x000000076b880000,0x000000076b880000)
  from space 1536K, 99% used [0x000000076ba00000,0x000000076bb7e9c8,0x000000076bb80000)
  to   space 1536K, 0% used [0x000000076b880000,0x000000076b880000,0x000000076ba00000)
 ParOldGen       total 260608K, used 1823K [0x00000006c1600000, 0x00000006d1480000, 0x000000076b200000)
  object space 260608K, 0% used [0x00000006c1600000,0x00000006c17c7cd8,0x00000006d1480000)
 Metaspace       used 9268K, capacity 9452K, committed 9600K, reserved 1058816K
  class space    used 1073K, capacity 1117K, committed 1152K, reserved 1048576K
Event: 0.820 GC heap after
Heap after GC invocations=11 (full 0):
 PSYoungGen      total 8192K, used 1523K [0x000000076b200000, 0x000000076c080000, 0x00000007c0000000)
  eden space 6656K, 0% used [0x000000076b200000,0x000000076b200000,0x000000076b880000)
  from space 1536K, 99% used [0x000000076b880000,0x000000076b9fcd08,0x000000076ba00000)
  to   space 2048K, 0% used [0x000000076be80000,0x000000076be80000,0x000000076c080000)
 ParOldGen       total 260608K, used 2832K [0x00000006c1600000, 0x00000006d1480000, 0x000000076b200000)
  object space 260608K, 1% used [0x00000006c1600000,0x00000006c18c4160,0x00000006d1480000)
 Metaspace       used 9268K, capacity 9452K, committed 9600K, reserved 1058816K
  class space    used 1073K, capacity 1117K, committed 1152K, reserved 1048576K
}
Event: 0.918 GC heap before
{Heap before GC invocations=12 (full 0):
 PSYoungGen      total 8192K, used 8179K [0x000000076b200000, 0x000000076c080000, 0x00000007c0000000)
  eden space 6656K, 100% used [0x000000076b200000,0x000000076b880000,0x000000076b880000)
  from space 1536K, 99% used [0x000000076b880000,0x000000076b9fcd08,0x000000076ba00000)
  to   space 2048K, 0% used [0x000000076be80000,0x000000076be80000,0x000000076c080000)
 ParOldGen       total 260608K, used 2832K [0x00000006c1600000, 0x00000006d1480000, 0x000000076b200000)
  object space 260608K, 1% used [0x00000006c1600000,0x00000006c18c4160,0x00000006d1480000)
 Metaspace       used 11310K, capacity 11468K, committed 11648K, reserved 1058816K
  class space    used 1303K, capacity 1341K, committed 1408K, reserved 1048576K
Event: 0.919 GC heap after
Heap after GC invocations=12 (full 0):
 PSYoungGen      total 12288K, used 1803K [0x000000076b200000, 0x000000076c180000, 0x00000007c0000000)
  eden space 10240K, 0% used [0x000000076b200000,0x000000076b200000,0x000000076bc00000)
  from space 2048K, 88% used [0x000000076be80000,0x000000076c042cb0,0x000000076c080000)
  to   space 2560K, 0% used [0x000000076bc00000,0x000000076bc00000,0x000000076be80000)
 ParOldGen       total 260608K, used 3036K [0x00000006c1600000, 0x00000006d1480000, 0x000000076b200000)
  object space 260608K, 1% used [0x00000006c1600000,0x00000006c18f72a0,0x00000006d1480000)
 Metaspace       used 11310K, capacity 11468K, committed 11648K, reserved 1058816K
  class space    used 1303K, capacity 1341K, committed 1408K, reserved 1048576K
}
Event: 10.751 GC heap before
{Heap before GC invocations=13 (full 0):
 PSYoungGen      total 12288K, used 12043K [0x000000076b200000, 0x000000076c180000, 0x00000007c0000000)
  eden space 10240K, 100% used [0x000000076b200000,0x000000076bc00000,0x000000076bc00000)
  from space 2048K, 88% used [0x000000076be80000,0x000000076c042cb0,0x000000076c080000)
  to   space 2560K, 0% used [0x000000076bc00000,0x000000076bc00000,0x000000076be80000)
 ParOldGen       total 260608K, used 3036K [0x00000006c1600000, 0x00000006d1480000, 0x000000076b200000)
  object space 260608K, 1% used [0x00000006c1600000,0x00000006c18f72a0,0x00000006d1480000)
 Metaspace       used 13155K, capacity 13330K, committed 13440K, reserved 1060864K
  class space    used 1534K, capacity 1598K, committed 1664K, reserved 1048576K
Event: 10.753 GC heap after
Heap after GC invocations=13 (full 0):
 PSYoungGen      total 12800K, used 2020K [0x000000076b200000, 0x000000076c700000, 0x00000007c0000000)
  eden space 10240K, 0% used [0x000000076b200000,0x000000076b200000,0x000000076bc00000)
  from space 2560K, 78% used [0x000000076bc00000,0x000000076bdf9328,0x000000076be80000)
  to   space 2560K, 0% used [0x000000076c480000,0x000000076c480000,0x000000076c700000)
 ParOldGen       total 260608K, used 3422K [0x00000006c1600000, 0x00000006d1480000, 0x000000076b200000)
  object space 260608K, 1% used [0x00000006c1600000,0x00000006c1957bf0,0x00000006d1480000)
 Metaspace       used 13155K, capacity 13330K, committed 13440K, reserved 1060864K
  class space    used 1534K, capacity 1598K, committed 1664K, reserved 1048576K
}

Deoptimization events (1 events):
Event: 0.416 Thread 0x0000000002783800 Uncommon trap: reason=null_check action=make_not_entrant pc=0x0000000002a66c98 method=java.lang.String.equals(Ljava/lang/Object;)Z @ 8

Internal exceptions (10 events):
Event: 10.806 Thread 0x0000000002783800 Exception <a 'java/security/PrivilegedActionException'> (0x000000076b6e4dc8) thrown at [D:\re\workspace\8-2-build-windows-amd64-cygwin\jdk8u5\2488\hotspot\src\share\vm\prims\jvm.cpp, line 1248]
Event: 10.807 Thread 0x0000000002783800 Exception <a 'java/security/PrivilegedActionException'> (0x000000076b6ed4c8) thrown at [D:\re\workspace\8-2-build-windows-amd64-cygwin\jdk8u5\2488\hotspot\src\share\vm\prims\jvm.cpp, line 1248]
Event: 10.807 Thread 0x0000000002783800 Exception <a 'java/security/PrivilegedActionException'> (0x000000076b6f5580) thrown at [D:\re\workspace\8-2-build-windows-amd64-cygwin\jdk8u5\2488\hotspot\src\share\vm\prims\jvm.cpp, line 1248]
Event: 10.808 Thread 0x0000000002783800 Exception <a 'java/security/PrivilegedActionException'> (0x000000076b6fb320) thrown at [D:\re\workspace\8-2-build-windows-amd64-cygwin\jdk8u5\2488\hotspot\src\share\vm\prims\jvm.cpp, line 1248]
Event: 10.808 Thread 0x0000000002783800 Exception <a 'java/security/PrivilegedActionException'> (0x000000076b703350) thrown at [D:\re\workspace\8-2-build-windows-amd64-cygwin\jdk8u5\2488\hotspot\src\share\vm\prims\jvm.cpp, line 1248]
Event: 13.305 Thread 0x0000000002783800 Exception <a 'java/security/PrivilegedActionException'> (0x000000076b7142e0) thrown at [D:\re\workspace\8-2-build-windows-amd64-cygwin\jdk8u5\2488\hotspot\src\share\vm\prims\jvm.cpp, line 1248]
Event: 13.306 Thread 0x0000000002783800 Exception <a 'java/security/PrivilegedActionException'> (0x000000076b71b8d8) thrown at [D:\re\workspace\8-2-build-windows-amd64-cygwin\jdk8u5\2488\hotspot\src\share\vm\prims\jvm.cpp, line 1248]
Event: 13.308 Thread 0x0000000002783800 Exception <a 'java/security/PrivilegedActionException'> (0x000000076b7226b0) thrown at [D:\re\workspace\8-2-build-windows-amd64-cygwin\jdk8u5\2488\hotspot\src\share\vm\prims\jvm.cpp, line 1248]
Event: 13.309 Thread 0x0000000002783800 Exception <a 'java/security/PrivilegedActionException'> (0x000000076b727be8) thrown at [D:\re\workspace\8-2-build-windows-amd64-cygwin\jdk8u5\2488\hotspot\src\share\vm\prims\jvm.cpp, line 1248]
Event: 13.310 Thread 0x0000000002783800 Exception <a 'java/security/PrivilegedActionException'> (0x000000076b72cb70) thrown at [D:\re\workspace\8-2-build-windows-amd64-cygwin\jdk8u5\2488\hotspot\src\share\vm\prims\jvm.cpp, line 1248]

Events (10 events):
Event: 44.801 Executing VM operation: GetOrSetLocal
Event: 44.801 Executing VM operation: GetOrSetLocal done
Event: 44.849 Executing VM operation: GetOrSetLocal
Event: 44.849 Executing VM operation: GetOrSetLocal done
Event: 44.849 Executing VM operation: GetOrSetLocal
Event: 44.849 Executing VM operation: GetOrSetLocal done
Event: 79.598 Executing VM operation: ChangeBreakpoints
Event: 79.598 Executing VM operation: ChangeBreakpoints done
Event: 79.637 Executing VM operation: RedefineClasses
Event: 79.641 Executing VM operation: RedefineClasses done


Dynamic libraries:
0x00007ff689c20000 - 0x00007ff689c54000 	C:\Program Files\Java\jdk1.8.0_05\bin\javaw.exe
0x00007ffeb0360000 - 0x00007ffeb053b000 	C:\Windows\SYSTEM32\ntdll.dll
0x00007ffeae720000 - 0x00007ffeae7ce000 	C:\Windows\System32\KERNEL32.DLL
0x00007ffeac860000 - 0x00007ffeacaa9000 	C:\Windows\System32\KERNELBASE.dll
0x00007ffeade40000 - 0x00007ffeadee1000 	C:\Windows\System32\ADVAPI32.dll
0x00007ffeadda0000 - 0x00007ffeade3d000 	C:\Windows\System32\msvcrt.dll
0x00007ffeb0240000 - 0x00007ffeb0299000 	C:\Windows\System32\sechost.dll
0x00007ffeadef0000 - 0x00007ffeae015000 	C:\Windows\System32\RPCRT4.dll
0x00007ffeafc10000 - 0x00007ffeafd5a000 	C:\Windows\System32\USER32.dll
0x00007ffeacab0000 - 0x00007ffeacace000 	C:\Windows\System32\win32u.dll
0x00007ffeadd70000 - 0x00007ffeadd97000 	C:\Windows\System32\GDI32.dll
0x00007ffead4d0000 - 0x00007ffead657000 	C:\Windows\System32\gdi32full.dll
0x00007ffeacad0000 - 0x00007ffeacb6a000 	C:\Windows\System32\msvcp_win.dll
0x00007ffead3d0000 - 0x00007ffead4c6000 	C:\Windows\System32\ucrtbase.dll
0x00007ffea1740000 - 0x00007ffea19a7000 	C:\Windows\WinSxS\amd64_microsoft.windows.common-controls_6595b64144ccf1df_6.0.15063.483_none_26002d27e7c744a2\COMCTL32.dll
0x00007ffeafdc0000 - 0x00007ffeb00b9000 	C:\Windows\System32\combase.dll
0x00007ffead830000 - 0x00007ffead89a000 	C:\Windows\System32\bcryptPrimitives.dll
0x00007ffeb00c0000 - 0x00007ffeb00ed000 	C:\Windows\System32\IMM32.DLL
0x0000000069840000 - 0x0000000069912000 	C:\Program Files\Java\jdk1.8.0_05\jre\bin\msvcr100.dll
0x0000000069010000 - 0x000000006983a000 	C:\Program Files\Java\jdk1.8.0_05\jre\bin\server\jvm.dll
0x00007ffeadd60000 - 0x00007ffeadd68000 	C:\Windows\System32\PSAPI.DLL
0x00007ffea10b0000 - 0x00007ffea10b9000 	C:\Windows\SYSTEM32\WSOCK32.dll
0x00007ffea3240000 - 0x00007ffea3263000 	C:\Windows\SYSTEM32\WINMM.dll
0x00007ffeadad0000 - 0x00007ffeadb3c000 	C:\Windows\System32\WS2_32.dll
0x00007ffea32c0000 - 0x00007ffea32eb000 	C:\Windows\SYSTEM32\winmmbase.dll
0x00007ffeacb70000 - 0x00007ffeacbb9000 	C:\Windows\System32\cfgmgr32.dll
0x0000000069000000 - 0x000000006900f000 	C:\Program Files\Java\jdk1.8.0_05\jre\bin\verify.dll
0x0000000068fd0000 - 0x0000000068ff8000 	C:\Program Files\Java\jdk1.8.0_05\jre\bin\java.dll
0x0000000068f90000 - 0x0000000068fc5000 	C:\Program Files\Java\jdk1.8.0_05\jre\bin\jdwp.dll
0x0000000068f80000 - 0x0000000068f88000 	C:\Program Files\Java\jdk1.8.0_05\jre\bin\npt.dll
0x0000000068f60000 - 0x0000000068f76000 	C:\Program Files\Java\jdk1.8.0_05\jre\bin\zip.dll
0x00007ffeae7d0000 - 0x00007ffeafc07000 	C:\Windows\System32\SHELL32.dll
0x00007ffeb00f0000 - 0x00007ffeb019a000 	C:\Windows\System32\shcore.dll
0x00007ffeacbc0000 - 0x00007ffead2b1000 	C:\Windows\System32\windows.storage.dll
0x00007ffeae280000 - 0x00007ffeae2d1000 	C:\Windows\System32\shlwapi.dll
0x00007ffeac7d0000 - 0x00007ffeac7e1000 	C:\Windows\System32\kernel.appcore.dll
0x00007ffeac7f0000 - 0x00007ffeac83c000 	C:\Windows\System32\powrprof.dll
0x00007ffeac840000 - 0x00007ffeac855000 	C:\Windows\System32\profapi.dll
0x0000000068f50000 - 0x0000000068f59000 	C:\Program Files\Java\jdk1.8.0_05\jre\bin\dt_socket.dll
0x00007ffe9d9d0000 - 0x00007ffe9d9e6000 	C:\Windows\system32\napinsp.dll
0x00007ffe9d9a0000 - 0x00007ffe9d9ba000 	C:\Windows\system32\pnrpnsp.dll
0x00007ffea6cf0000 - 0x00007ffea6d08000 	C:\Windows\system32\NLAapi.dll
0x00007ffeac0c0000 - 0x00007ffeac11c000 	C:\Windows\System32\mswsock.dll
0x00007ffeabea0000 - 0x00007ffeabf44000 	C:\Windows\SYSTEM32\DNSAPI.dll
0x00007ffeb01a0000 - 0x00007ffeb01a8000 	C:\Windows\System32\NSI.dll
0x00007ffeabe60000 - 0x00007ffeabe97000 	C:\Windows\SYSTEM32\IPHLPAPI.DLL
0x00007ffe9d610000 - 0x00007ffe9d61e000 	C:\Windows\System32\winrnr.dll
0x00007ffe9d430000 - 0x00007ffe9d445000 	C:\Windows\System32\wshbth.dll
0x00007ffea3630000 - 0x00007ffea369b000 	C:\Windows\System32\fwpuclnt.dll
0x00007ffeac370000 - 0x00007ffeac395000 	C:\Windows\SYSTEM32\bcrypt.dll
0x00007ffea3290000 - 0x00007ffea329a000 	C:\Windows\System32\rasadhlp.dll
0x0000000068ea0000 - 0x0000000068ec4000 	C:\Program Files\Java\jdk1.8.0_05\jre\bin\sunec.dll
0x00007ffeac260000 - 0x00007ffeac277000 	C:\Windows\SYSTEM32\CRYPTSP.dll
0x00007ffeabce0000 - 0x00007ffeabd14000 	C:\Windows\system32\rsaenh.dll
0x00007ffeac6e0000 - 0x00007ffeac709000 	C:\Windows\SYSTEM32\USERENV.dll
0x00007ffeac280000 - 0x00007ffeac28b000 	C:\Windows\SYSTEM32\CRYPTBASE.dll
0x0000000068f20000 - 0x0000000068f3a000 	C:\Program Files\Java\jdk1.8.0_05\jre\bin\net.dll
0x00007ffea7440000 - 0x00007ffea7456000 	C:\Windows\SYSTEM32\dhcpcsvc6.DLL
0x00007ffea7380000 - 0x00007ffea739a000 	C:\Windows\SYSTEM32\dhcpcsvc.DLL
0x0000000068f00000 - 0x0000000068f11000 	C:\Program Files\Java\jdk1.8.0_05\jre\bin\nio.dll
0x00007ffea6350000 - 0x00007ffea64f9000 	C:\Windows\SYSTEM32\dbghelp.dll

VM Arguments:
jvm_args: -agentlib:jdwp=transport=dt_socket,suspend=y,address=localhost:63535 -Dfile.encoding=UTF-8 
java_command: com.inova8.odata2lens.App
java_class_path (initial): C:\Users\Peter\git\com.inova8.odata2lens\odata2lens\target\classes;C:\Users\Peter\.m2\repository\org\apache\olingo\odata-client-core\4.4.0\odata-client-core-4.4.0.jar;C:\Users\Peter\.m2\repository\org\apache\olingo\odata-client-api\4.4.0\odata-client-api-4.4.0.jar;C:\Users\Peter\.m2\repository\org\apache\olingo\odata-commons-api\4.4.0\odata-commons-api-4.4.0.jar;C:\Users\Peter\.m2\repository\commons-io\commons-io\2.4\commons-io-2.4.jar;C:\Users\Peter\.m2\repository\org\apache\httpcomponents\httpclient\4.2.6\httpclient-4.2.6.jar;C:\Users\Peter\.m2\repository\org\apache\httpcomponents\httpcore\4.2.5\httpcore-4.2.5.jar;C:\Users\Peter\.m2\repository\commons-logging\commons-logging\1.1.1\commons-logging-1.1.1.jar;C:\Users\Peter\.m2\repository\org\apache\olingo\odata-commons-core\4.4.0\odata-commons-core-4.4.0.jar;C:\Users\Peter\.m2\repository\commons-codec\commons-codec\1.9\commons-codec-1.9.jar;C:\Users\Peter\.m2\repository\com\fasterxml\jackson\core\jackson-core\2.7.8\jackson-core-2.7.8.jar;C:\Users\Peter\.m2\repository\com\fasterxml\jackson\core\jackson-databind\2.7.8\jackson-databind-2.7.8.jar;C:\Users\Peter\.m2\repository\com\fasterxml\jackson\core\jackson-annotations\2.7.8\jackson-annotations-2.7.8.jar;C:\Users\Peter\.m2\repository\com\fasterxml\jackson\dataformat\jackson-dataformat-xml\2.7.8\jackson-dataformat-xml-2.7.8.jar;C:\Users\Peter\.m2\repository\com\fasterxml\jackson\module\jackson-module-jaxb-annotations\2.7.8\jackson-module-jaxb-annotations-2.7.8.jar;C:\Users\Peter\.m2\repository\org\codehaus\woodstox\stax2-api\3.1.4\stax2-api-3.1.4.jar;C:\Users\Peter\.m2\repository\com\fasterxml\aalto-xml\0.9.10\aalto-xml-0.9.10.jar;C:\Users\Peter\.m2\repository\org\slf4j\slf4j-simple\1.7.22\slf4j-simple-1.7.22.jar;C:\Users\Peter\.m2\repository\org\slf4j\slf4j-api\1.7.22\slf4j-api-1.7.22.jar;C:\Users\Peter\.m2\repository\org\apache\velocity\velocity-engine-core\2.0\velocity-engine-core-2.0.jar;C:\Users\Peter\.m2\repository\org\apache\commons
Launcher Type: SUN_STANDARD

Environment Variables:
JAVA_HOME=C:\Program Files\Java\jdk1.8.0_05
PATH=C:\Program Files\Java\jdk1.8.0_05\jre\bin;C:/Program Files/Java/jre8/bin/server;C:/Program Files/Java/jre8/bin;C:/Program Files/Java/jre8/lib/amd64;C:\Program Files\Docker\Docker\Resources\bin;C:\ProgramData\Oracle\Java\javapath;C:\Program Files (x86)\Intel\iCLS Client\;C:\Program Files\Intel\iCLS Client\;C:\Windows\system32;C:\Windows;C:\Windows\System32\Wbem;C:\Windows\System32\WindowsPowerShell\v1.0\;c:\Program Files (x86)\ATI Technologies\ATI.ACE\Core-Static;C:\Program Files\Dell\Dell Data Protection\Drivers\TSS\bin\;C:\Apps\Git\cmd;C:\Apps\apache-maven-3.2.2\bin;C:\Apps\virtuoso-opensource\/bin;C:\Apps\virtuoso-opensource\/lib;C:\Program Files (x86)\Common Files\Acronis\SnapAPI\;C:\Program Files\Intel\WiFi\bin\;C:\Program Files\Common Files\Intel\WirelessCommon\;C:\Program Files\cURL\bin;C:\Program Files\Intel\Intel(R) Management Engine Components\DAL;C:\Program Files\Intel\Intel(R) Management Engine Components\IPT;C:\Program Files (x86)\Intel\Intel(R) Management Engine Components\DAL;C:\Program Files (x86)\Intel\Intel(R) Management Engine Components\IPT;C:\Program Files (x86)\Skype\Phone\;C:\Program Files (x86)\Google\Google Apps Migration\;C:\Program Files\Microsoft SQL Server\130\Tools\Binn\;C:\Windows\system32\config\systemprofile\.dnx\bin;C:\Program Files\Microsoft DNX\Dnvm\;C:\Program Files\Microsoft\Web Platform Installer\;C:\Program Files\PuTTY\;C:\Program Files\nodejs\;C:\Apps\apache-maven-3.5.2\bin;C:\Program Files (x86)\HP\IdrsOCR_15.2.10.1114\;C:\Users\Peter\AppData\Roaming\npm;C:\Apps\apache-maven-3.5.2\bin;C:\Users\Peter\AppData\Roaming\Dashlane\5.13.0.20124\bin\Firefox_Extension\{442718d9-475e-452a-b3e1-fb1ee16b8e9f}\components;C:\Users\Peter\AppData\Roaming\Dashlane\5.13.0.20124\ucrt;C:\Windows\system32;
USERNAME=Peter
OS=Windows_NT
PROCESSOR_IDENTIFIER=Intel64 Family 6 Model 60 Stepping 3, GenuineIntel



---------------  S Y S T E M  ---------------

OS: Windows 8.1 , 64 bit Build 9600 

CPU:total 8 (4 cores per cpu, 2 threads per core) family 6 model 60 stepping 3, cmov, cx8, fxsr, mmx, sse, sse2, sse3, ssse3, sse4.1, sse4.2, popcnt, avx, avx2, aes, clmul, erms, ht, tsc, tscinvbit

Memory: 4k page, physical 16679940k(5843428k free), swap 33457156k(17549224k free)

vm_info: Java HotSpot(TM) 64-Bit Server VM (25.5-b02) for windows-amd64 JRE (1.8.0_05-b13), built on Mar 18 2014 01:08:39 by "java_re" with MS VC++ 10.0 (VS2010)

time: Fri May 18 15:24:20 2018
elapsed time: 79 seconds

